Checking if remote manifest is accessible...
Getting manifests from remote server...

Processing super-manifest https://github.com/cypresssemiconductorco/mtb-super-manifest/raw/v2.X/mtb-super-manifest-fv2.xml...
One or more elements/attributes was ignored from manifest https://github.com/Infineon/mtb-mw-manifest/raw/v2.X/mtb-mw-manifest-fv2.xml. Run using the --verbose flag for additional details.
Successfully acquired the information.

Summary: 

BSP: CY8CPROTO-062-4343W
Template Application(s): CAPSENSE Buttons and Slider FreeRTOS
Application(s) Root Path: C:/Users/Maarten/Documents/IIW/Ma/IoT/IotGit/FreeRTOS_ex

Press "Create" to create the selected application(s).
Collecting application data...


Info: The following entered on the command line will create the exact same project as that created with the GUI tool:
C:/Infineon/Tools/ModusToolbox/tools_2.4/project-creator/project-creator-cli.exe --board-id CY8CPROTO-062-4343W --board-uri https://github.com/cypresssemiconductorco/TARGET_CY8CPROTO-062-4343W --board-commit latest-v3.X --app-id mtb-example-psoc6-capsense-buttons-slider-freertos --app-uri https://github.com/cypresssemiconductorco/mtb-example-psoc6-capsense-buttons-slider-freertos --app-commit latest-v3.X --cypress-tools C:/Infineon/Tools/ModusToolbox/tools_2.4 --target-dir C:/Users/Maarten/Documents/IIW/Ma/IoT/IotGit/FreeRTOS_ex --user-app-name CAPSENSE_Buttons_and_Slider_FreeRTOS --output-for-machine --use-modus-shell


==============================================================================
= Cloning 'mtb-example-psoc6-capsense-buttons-slider-freertos' =
==============================================================================
Cloning https://github.com/cypresssemiconductorco/mtb-example-psoc6-capsense-buttons-slider-freertos into C:/Users/Maarten/Documents/IIW/Ma/IoT/IotGit/FreeRTOS_ex directory...
env git clone --progress --origin cypress https://github.com/cypresssemiconductorco/mtb-example-psoc6-capsense-buttons-slider-freertos CAPSENSE_Buttons_and_Slider_FreeRTOS
Cloning into 'CAPSENSE_Buttons_and_Slider_FreeRTOS'...
remote: Enumerating objects: 76, done.        
remote: Total 76 (delta 0), reused 0 (delta 0), pack-reused 76        
Receiving objects: 100% (76/76), 233.01 KiB | 6.85 MiB/s, done.
Resolving deltas: 100% (38/38), done.

Checking out latest-v3.X...
env git checkout --progress latest-v3.X
Note: switching to 'latest-v3.X'.

You are in 'detached HEAD' state. You can look around, make experimental
changes and commit them, and you can discard any commits you make in this
state without impacting any branches by switching back to a branch.

If you want to create a new branch to retain commits you create, you may
do so (now or later) by using -c with the switch command. Example:

  git switch -c <new-branch-name>

Or undo this operation with:

  git switch -

Turn off this advice by setting config variable advice.detachedHead to false

HEAD is now at 4adedfb Upload mtb-example-psoc6-capsense-buttons-slider-freertos 3.0.0.187

==============================================================================
= Creating "TARGET_CY8CPROTO-062-4343W.mtb" file(s) =
==============================================================================
C:/Users/Maarten/Documents/IIW/Ma/IoT/IotGit/FreeRTOS_ex/CAPSENSE_Buttons_and_Slider_FreeRTOS/deps/TARGET_CY8CPROTO-062-4343W.mtb was updated

==============================================================================
= Updating Makefile for "CAPSENSE_Buttons_and_Slider_FreeRTOS" =
==============================================================================

==============================================================================
= Applying the Latest Version Locking for "CAPSENSE_Buttons_and_Slider_FreeRTOS" =
==============================================================================
C:/Users/Maarten/Documents/IIW/Ma/IoT/IotGit/FreeRTOS_ex/CAPSENSE_Buttons_and_Slider_FreeRTOS/deps/TARGET_CY8CPROTO-062-4343W.mtb was updated

==============================================================================
= Getting Dependencies for "CAPSENSE_Buttons_and_Slider_FreeRTOS" =
==============================================================================
C:/Infineon/Tools/ModusToolbox/tools_2.4/modus-shell/bin/make.exe getlibs CY_TOOLS_PATHS=C:/Infineon/Tools/ModusToolbox/tools_2.4
Tools Directory: C:/Infineon/Tools/ModusToolbox/tools_2.4

==============================================================================
= Importing libraries =
==============================================================================
Git is git version 2.33.0, found at /usr/bin/git

Resolving dependencies...
Checking if remote manifest is accessible...
Getting manifests from remote server...
Processing super-manifest https://github.com/cypresssemiconductorco/mtb-super-manifest/raw/v2.X/mtb-super-manifest-fv2.xml...
One or more elements/attributes was ignored from manifest https://github.com/Infineon/mtb-mw-manifest/raw/v2.X/mtb-mw-manifest-fv2.xml. Run using the --verbose flag for additional details.
Successfully acquired the information.
INFO - Warning: Multiple versions of "core-make" requested. Keeping version "latest-v1.X" and discarding version "release-v1.9.0".
C:/Users/Maarten/Documents/IIW/Ma/IoT/IotGit/FreeRTOS_ex/CAPSENSE_Buttons_and_Slider_FreeRTOS/libs/abstraction-rtos.mtb was added
C:/Users/Maarten/Documents/IIW/Ma/IoT/IotGit/FreeRTOS_ex/CAPSENSE_Buttons_and_Slider_FreeRTOS/libs/capsense.mtb was added
C:/Users/Maarten/Documents/IIW/Ma/IoT/IotGit/FreeRTOS_ex/CAPSENSE_Buttons_and_Slider_FreeRTOS/libs/clib-support.mtb was added
C:/Users/Maarten/Documents/IIW/Ma/IoT/IotGit/FreeRTOS_ex/CAPSENSE_Buttons_and_Slider_FreeRTOS/libs/core-lib.mtb was added
C:/Users/Maarten/Documents/IIW/Ma/IoT/IotGit/FreeRTOS_ex/CAPSENSE_Buttons_and_Slider_FreeRTOS/libs/core-make.mtb was added
C:/Users/Maarten/Documents/IIW/Ma/IoT/IotGit/FreeRTOS_ex/CAPSENSE_Buttons_and_Slider_FreeRTOS/libs/mtb-hal-cat1.mtb was added
C:/Users/Maarten/Documents/IIW/Ma/IoT/IotGit/FreeRTOS_ex/CAPSENSE_Buttons_and_Slider_FreeRTOS/libs/mtb-pdl-cat1.mtb was added
C:/Users/Maarten/Documents/IIW/Ma/IoT/IotGit/FreeRTOS_ex/CAPSENSE_Buttons_and_Slider_FreeRTOS/libs/psoc6cm0p.mtb was added
C:/Users/Maarten/Documents/IIW/Ma/IoT/IotGit/FreeRTOS_ex/CAPSENSE_Buttons_and_Slider_FreeRTOS/libs/recipe-make-cat1a.mtb was added
Dependencies resolved.

Searching application directory (.mtb)...
Found 11 .mtb file(s)
    Processing file "C:/Users/Maarten/Documents/IIW/Ma/IoT/IotGit/FreeRTOS_ex/CAPSENSE_Buttons_and_Slider_FreeRTOS/deps/TARGET_CY8CPROTO-062-4343W.mtb"
    Processing file "C:/Users/Maarten/Documents/IIW/Ma/IoT/IotGit/FreeRTOS_ex/CAPSENSE_Buttons_and_Slider_FreeRTOS/deps/freertos.mtb"
    Processing file "C:/Users/Maarten/Documents/IIW/Ma/IoT/IotGit/FreeRTOS_ex/CAPSENSE_Buttons_and_Slider_FreeRTOS/libs/abstraction-rtos.mtb"
    Processing file "C:/Users/Maarten/Documents/IIW/Ma/IoT/IotGit/FreeRTOS_ex/CAPSENSE_Buttons_and_Slider_FreeRTOS/libs/capsense.mtb"
    Processing file "C:/Users/Maarten/Documents/IIW/Ma/IoT/IotGit/FreeRTOS_ex/CAPSENSE_Buttons_and_Slider_FreeRTOS/libs/clib-support.mtb"
    Processing file "C:/Users/Maarten/Documents/IIW/Ma/IoT/IotGit/FreeRTOS_ex/CAPSENSE_Buttons_and_Slider_FreeRTOS/libs/core-lib.mtb"
    Processing file "C:/Users/Maarten/Documents/IIW/Ma/IoT/IotGit/FreeRTOS_ex/CAPSENSE_Buttons_and_Slider_FreeRTOS/libs/core-make.mtb"
    Processing file "C:/Users/Maarten/Documents/IIW/Ma/IoT/IotGit/FreeRTOS_ex/CAPSENSE_Buttons_and_Slider_FreeRTOS/libs/mtb-hal-cat1.mtb"
    Processing file "C:/Users/Maarten/Documents/IIW/Ma/IoT/IotGit/FreeRTOS_ex/CAPSENSE_Buttons_and_Slider_FreeRTOS/libs/mtb-pdl-cat1.mtb"
    Processing file "C:/Users/Maarten/Documents/IIW/Ma/IoT/IotGit/FreeRTOS_ex/CAPSENSE_Buttons_and_Slider_FreeRTOS/libs/psoc6cm0p.mtb"
    Processing file "C:/Users/Maarten/Documents/IIW/Ma/IoT/IotGit/FreeRTOS_ex/CAPSENSE_Buttons_and_Slider_FreeRTOS/libs/recipe-make-cat1a.mtb"
Libraries processed.
Created file "C:/Users/Maarten/Documents/IIW/Ma/IoT/IotGit/FreeRTOS_ex/CAPSENSE_Buttons_and_Slider_FreeRTOS/libs/mtb.mk".


==============================================================================
= Import complete =
==============================================================================

Project "CAPSENSE_Buttons_and_Slider_FreeRTOS" created successfully.
==============================================================================
= Export "CAPSENSE_Buttons_and_Slider_FreeRTOS" application to Eclipse IDE for ModusToolbox™ =
==============================================================================
C:/Infineon/Tools/ModusToolbox/tools_2.4/modus-shell/bin/make.exe eclipse CY_IDE_PRJNAME=CAPSENSE_Buttons_and_Slider_FreeRTOS CY_MAKE_IDE=eclipse CY_MAKE_IDE_VERSION=2.4 CY_TOOLS_PATHS=C:/Infineon/Tools/ModusToolbox/tools_2.4
Tools Directory: C:/Infineon/Tools/ModusToolbox/tools_2.4
CY8CPROTO-062-4343W.mk: ./libs/TARGET_CY8CPROTO-062-4343W/CY8CPROTO-062-4343W.mk

Running device-configurator to update stale files...
Log file= "C:/Users/Maarten/AppData/Local/Temp/device-configurator-cli/device-configurator-cli-20220930.103828.060-9140.log"
Command line= "C:/Infineon/Tools/ModusToolbox/tools_2.4/device-configurator/device-configurator-cli.exe --library ../mtb_shared/mtb-pdl-cat1/release-v2.4.1/devicesupport.xml --build ./libs/TARGET_CY8CPROTO-062-4343W/COMPONENT_BSP_DESIGN_MODUS/design.modus --check-mcu=CY8C624ABZI-S2D44 --check-coprocessors=CYW4343WKUBG --readonly"
-> Generated device configuration file(s) in ./libs/TARGET_CY8CPROTO-062-4343W/COMPONENT_BSP_DESIGN_MODUS/GeneratedSource

Prebuild operations complete
Commencing build operations...

Tools Directory: C:/Infineon/Tools/ModusToolbox/tools_2.4
CY8CPROTO-062-4343W.mk: ./libs/TARGET_CY8CPROTO-062-4343W/CY8CPROTO-062-4343W.mk

Initializing build: mtb-example-psoc6-capsense-buttons-slider-freertos Debug CY8CPROTO-062-4343W GCC_ARM

Auto-discovery in progress...
-> Found 262 .c file(s)
-> Found 47 .S file(s)
-> Found 25 .s file(s)
-> Found 0 .cpp file(s)
-> Found 0 .o file(s)
-> Found 6 .a file(s)
-> Found 634 .h file(s)
-> Found 0 .hpp file(s)
-> Found 0 resource file(s)
Applying filters...
Auto-discovery complete

Constructing build rules...
Build rules construction complete

==============================================================================
= Generating IDE files =
==============================================================================

Generated Eclipse launch config files:  "CAPSENSE_Buttons_and_Slider_FreeRTOS Attach (JLink).launch" "CAPSENSE_Buttons_and_Slider_FreeRTOS Attach (KitProg3_MiniProg4).launch" "CAPSENSE_Buttons_and_Slider_FreeRTOS Debug (JLink).launch" "CAPSENSE_Buttons_and_Slider_FreeRTOS Debug (KitProg3_MiniProg4).launch" "CAPSENSE_Buttons_and_Slider_FreeRTOS Erase (JLink).launch" "CAPSENSE_Buttons_and_Slider_FreeRTOS Erase (KitProg3_MiniProg4).launch" "CAPSENSE_Buttons_and_Slider_FreeRTOS Program (JLink).launch" "CAPSENSE_Buttons_and_Slider_FreeRTOS Program (KitProg3_MiniProg4).launch"
  
The project "CAPSENSE_Buttons_and_Slider_FreeRTOS" was successfully exported to Eclipse IDE for ModusToolbox™.

Successfully created and exported "CAPSENSE_Buttons_and_Slider_FreeRTOS" application.
